Arguments: 
  /usr/local/Cellar/node/14.8.0/bin/node /usr/local/bin/yarn create .

PATH: 
  /usr/local/opt/openjdk/bin:/usr/local/bin:/usr/bin:/bin:/usr/sbin:/sbin:/Library/Apple/usr/bin:/usr/local/opt/openjdk/bin

Yarn version: 
  1.22.10

Node version: 
  14.8.0

Platform: 
  darwin x64

Trace: 
  Error: Name should not start with ".", got "."
      at parsePackageName (/usr/local/lib/node_modules/yarn/lib/cli.js:87261:11)
      at coerceCreatePackageName (/usr/local/lib/node_modules/yarn/lib/cli.js:87278:20)
      at Object.<anonymous> (/usr/local/lib/node_modules/yarn/lib/cli.js:87184:33)
      at Generator.next (<anonymous>)
      at step (/usr/local/lib/node_modules/yarn/lib/cli.js:310:30)
      at /usr/local/lib/node_modules/yarn/lib/cli.js:328:14
      at new Promise (<anonymous>)
      at new F (/usr/local/lib/node_modules/yarn/lib/cli.js:5301:28)
      at Object.<anonymous> (/usr/local/lib/node_modules/yarn/lib/cli.js:307:12)
      at Object.run (/usr/local/lib/node_modules/yarn/lib/cli.js:87203:17)

npm manifest: 
  No manifest

yarn manifest: 
  No manifest

Lockfile: 
  No lockfile
